<?xml version="1.0" encoding="UTF-8"?>
<!-- Generated by org.testng.reporters.JUnitXMLReporter -->
<testsuite hostname="KFAutie-S47" ignored="5" name="AccountsAndListDropDownTest" tests="5" failures="1" timestamp="19 Apr 2017 05:21:22 GMT" time="63.662" errors="0">
  <testcase name="getAccountDetailsTest" time="34.893" classname="com.wbl.test.AmazonHomePageTest">
    <failure type="org.openqa.selenium.TimeoutException" message="Expected condition failed: waiting for visibility of element located by By.xpath: .//div[@id=&amp;apos;nav-al-title&amp;apos;]//following::a[5] (tried for 30 second(s) with 500 MILLISECONDS interval)
Build info: version: &amp;apos;3.3.1&amp;apos;, revision: &amp;apos;5234b325d5&amp;apos;, time: &amp;apos;2017-03-10 09:10:29 +0000&amp;apos;
System info: host: &amp;apos;KFAUTIE-S47&amp;apos;, ip: &amp;apos;192.168.56.1&amp;apos;, os.name: &amp;apos;Windows 7&amp;apos;, os.arch: &amp;apos;amd64&amp;apos;, os.version: &amp;apos;6.1&amp;apos;, java.version: &amp;apos;1.8.0_111&amp;apos;
Driver info: org.openqa.selenium.chrome.ChromeDriver
Capabilities [{applicationCacheEnabled=false, rotatable=false, mobileEmulationEnabled=false, networkConnectionEnabled=false, chrome={chromedriverVersion=2.27.440174 (e97a722caafc2d3a8b807ee115bfb307f7d2cfd9), userDataDir=C:\Users\sjjadhav\AppData\Local\Temp\scoped_dir18052_13137}, takesHeapSnapshot=true, pageLoadStrategy=normal, databaseEnabled=false, handlesAlerts=true, hasTouchScreen=false, version=57.0.2987.133, platform=XP, browserConnectionEnabled=false, nativeEvents=true, acceptSslCerts=true, locationContextEnabled=true, webStorageEnabled=true, browserName=chrome, takesScreenshot=true, javascriptEnabled=true, cssSelectorsEnabled=true, unexpectedAlertBehaviour=}]
Session ID: dc76aef6935229bd5b1352c31c5dae08">
      <![CDATA[org.openqa.selenium.TimeoutException: Expected condition failed: waiting for visibility of element located by By.xpath: .//div[@id='nav-al-title']//following::a[5] (tried for 30 second(s) with 500 MILLISECONDS interval)
Build info: version: '3.3.1', revision: '5234b325d5', time: '2017-03-10 09:10:29 +0000'
System info: host: 'KFAUTIE-S47', ip: '192.168.56.1', os.name: 'Windows 7', os.arch: 'amd64', os.version: '6.1', java.version: '1.8.0_111'
Driver info: org.openqa.selenium.chrome.ChromeDriver
Capabilities [{applicationCacheEnabled=false, rotatable=false, mobileEmulationEnabled=false, networkConnectionEnabled=false, chrome={chromedriverVersion=2.27.440174 (e97a722caafc2d3a8b807ee115bfb307f7d2cfd9), userDataDir=C:\Users\sjjadhav\AppData\Local\Temp\scoped_dir18052_13137}, takesHeapSnapshot=true, pageLoadStrategy=normal, databaseEnabled=false, handlesAlerts=true, hasTouchScreen=false, version=57.0.2987.133, platform=XP, browserConnectionEnabled=false, nativeEvents=true, acceptSslCerts=true, locationContextEnabled=true, webStorageEnabled=true, browserName=chrome, takesScreenshot=true, javascriptEnabled=true, cssSelectorsEnabled=true, unexpectedAlertBehaviour=}]
Session ID: dc76aef6935229bd5b1352c31c5dae08
	at org.openqa.selenium.support.ui.WebDriverWait.timeoutException(WebDriverWait.java:80)
	at org.openqa.selenium.support.ui.FluentWait.until(FluentWait.java:232)
	at com.wbl.page.AmazonHomePage.getAccountDetails(AmazonHomePage.java:279)
	at com.wbl.test.AmazonHomePageTest.getAccountDetailsTest(AmazonHomePageTest.java:225)
... Removed 25 stack frames]]>
    </failure>
  </testcase> <!-- getAccountDetailsTest -->
  <testcase name="getAccountDetailsTest" time="7.485" classname="com.wbl.test.AmazonHomePageTest"/>
  <testcase name="getAccountDetailsTest" time="7.058" classname="com.wbl.test.AmazonHomePageTest"/>
  <testcase name="getAccountDetailsTest" time="7.209" classname="com.wbl.test.AmazonHomePageTest"/>
  <testcase name="getAccountDetailsTest" time="6.967" classname="com.wbl.test.AmazonHomePageTest"/>
  <testcase name="getDeptDropDownCountTest" time="0.0" classname="com.wbl.test.AmazonHomePageTest">
    <ignored/>
  </testcase> <!-- getDeptDropDownCountTest -->
  <testcase name="tryPrimeTest" time="0.0" classname="com.wbl.test.AmazonHomePageTest">
    <ignored/>
  </testcase> <!-- tryPrimeTest -->
  <testcase name="createAccountPageTest" time="0.0" classname="com.wbl.test.AmazonHomePageTest">
    <ignored/>
  </testcase> <!-- createAccountPageTest -->
  <testcase name="getSignInTest" time="0.0" classname="com.wbl.test.AmazonHomePageTest">
    <ignored/>
  </testcase> <!-- getSignInTest -->
  <testcase name="navigateDeptDropDownTest" time="0.0" classname="com.wbl.test.AmazonHomePageTest">
    <ignored/>
  </testcase> <!-- navigateDeptDropDownTest -->
</testsuite> <!-- AccountsAndListDropDownTest -->
