<?xml version="1.0" encoding="UTF-8"?>
<!-- Generated by org.testng.reporters.JUnitXMLReporter -->
<testsuite hostname="KFAutie-S47" ignored="5" name="SearchPageDropDownChoiceTest" tests="2" failures="1" timestamp="19 Apr 2017 21:33:25 GMT" time="23.754" errors="0">
  <testcase name="dropDownChoiceTest" time="8.586" classname="com.wbl.test.AmazonSearchTest">
    <failure type="java.lang.AssertionError" message="expected [Amazon.com: leather shoes - Men: Clothing, Shoes &amp;amp; Jewelry] but found [Amazon.com: leather shoes: Clothing, Shoes &amp;amp; Jewelry]">
      <![CDATA[java.lang.AssertionError: expected [Amazon.com: leather shoes - Men: Clothing, Shoes & Jewelry] but found [Amazon.com: leather shoes: Clothing, Shoes & Jewelry]
	at com.wbl.test.AmazonSearchTest.dropDownChoiceTest(AmazonSearchTest.java:130)
... Removed 31 stack frames]]>
    </failure>
  </testcase> <!-- dropDownChoiceTest -->
  <testcase name="dropDownChoiceTest" time="15.071" classname="com.wbl.test.AmazonSearchTest"/>
  <testcase name="allDropDownTest" time="0.0" classname="com.wbl.test.AmazonSearchTest">
    <ignored/>
  </testcase> <!-- allDropDownTest -->
  <testcase name="dropDownChoiceTest1" time="0.0" classname="com.wbl.test.AmazonSearchTest">
    <ignored/>
  </testcase> <!-- dropDownChoiceTest1 -->
  <testcase name="sortChoiceTest" time="0.0" classname="com.wbl.test.AmazonSearchTest">
    <ignored/>
  </testcase> <!-- sortChoiceTest -->
  <testcase name="searchResultsTest" time="0.0" classname="com.wbl.test.AmazonSearchTest">
    <ignored/>
  </testcase> <!-- searchResultsTest -->
  <testcase name="allDropDownTest1" time="0.0" classname="com.wbl.test.AmazonSearchTest">
    <ignored/>
  </testcase> <!-- allDropDownTest1 -->
</testsuite> <!-- SearchPageDropDownChoiceTest -->
