<?xml version="1.0" encoding="UTF-8"?>
<!-- Generated by org.testng.reporters.JUnitXMLReporter -->
<testsuite hostname="KFAutie-S47" ignored="3" name="test4" tests="2" failures="2" timestamp="17 Apr 2017 20:30:17 GMT" time="0.057" errors="0">
  <testcase name="searchResultsTest" time="0.001" classname="com.wbl.test.AmazonSearchTest">
    <failure type="java.lang.NullPointerException">
      <![CDATA[java.lang.NullPointerException
	at com.wbl.page.AmazonSearch.allDropDown(AmazonSearch.java:43)
	at com.wbl.test.AmazonSearchTest.searchResultsTest(AmazonSearchTest.java:169)
... Removed 25 stack frames]]>
    </failure>
  </testcase> <!-- searchResultsTest -->
  <testcase name="searchResultsTest" time="0.001" classname="com.wbl.test.AmazonSearchTest">
    <failure type="java.lang.NullPointerException">
      <![CDATA[java.lang.NullPointerException
	at com.wbl.page.AmazonSearch.allDropDown(AmazonSearch.java:43)
	at com.wbl.test.AmazonSearchTest.searchResultsTest(AmazonSearchTest.java:169)
... Removed 25 stack frames]]>
    </failure>
  </testcase> <!-- searchResultsTest -->
  <testcase name="allDropDownTest" time="0.0" classname="com.wbl.test.AmazonSearchTest">
    <ignored/>
  </testcase> <!-- allDropDownTest -->
  <testcase name="sortChoiceTest" time="0.0" classname="com.wbl.test.AmazonSearchTest">
    <ignored/>
  </testcase> <!-- sortChoiceTest -->
  <testcase name="dropDownChoiceTest" time="0.0" classname="com.wbl.test.AmazonSearchTest">
    <ignored/>
  </testcase> <!-- dropDownChoiceTest -->
</testsuite> <!-- test4 -->
