<?xml version="1.0" encoding="UTF-8"?>
<!-- Generated by org.testng.reporters.JUnitXMLReporter -->
<testsuite hostname="KFAutie-S47" ignored="3" name="test1" tests="2" failures="2" timestamp="17 Apr 2017 20:30:16 GMT" time="3.411" errors="0">
  <testcase name="allDropDownTest" time="0.008" classname="com.wbl.test.AmazonSearchTest">
    <failure type="java.lang.NullPointerException">
      <![CDATA[java.lang.NullPointerException
	at com.wbl.page.AmazonSearch.allDropDown(AmazonSearch.java:43)
	at com.wbl.test.AmazonSearchTest.allDropDownTest(AmazonSearchTest.java:122)
... Removed 25 stack frames]]>
    </failure>
  </testcase> <!-- allDropDownTest -->
  <testcase name="allDropDownTest" time="0.002" classname="com.wbl.test.AmazonSearchTest">
    <failure type="java.lang.NullPointerException">
      <![CDATA[java.lang.NullPointerException
	at com.wbl.page.AmazonSearch.allDropDown(AmazonSearch.java:43)
	at com.wbl.test.AmazonSearchTest.allDropDownTest(AmazonSearchTest.java:122)
... Removed 25 stack frames]]>
    </failure>
  </testcase> <!-- allDropDownTest -->
  <testcase name="sortChoiceTest" time="0.0" classname="com.wbl.test.AmazonSearchTest">
    <ignored/>
  </testcase> <!-- sortChoiceTest -->
  <testcase name="searchResultsTest" time="0.0" classname="com.wbl.test.AmazonSearchTest">
    <ignored/>
  </testcase> <!-- searchResultsTest -->
  <testcase name="dropDownChoiceTest" time="0.0" classname="com.wbl.test.AmazonSearchTest">
    <ignored/>
  </testcase> <!-- dropDownChoiceTest -->
</testsuite> <!-- test1 -->
