<?xml version="1.0" encoding="UTF-8"?>
<!-- Generated by org.testng.reporters.JUnitXMLReporter -->
<testsuite hostname="KFAutie-S47" name="Test" tests="1" failures="0" timestamp="16 Mar 2017 21:19:36 GMT" time="0.008" errors="0">
  <testcase name="@BeforeSuite beforeSuite" time="0.0" classname="com.wbl.test.RegisterPageTest">
    <failure type="java.lang.IllegalStateException" message="The driver executable does not exist: C:\QA\EclipseWorkspace\AutomationFramework\resources\firefoxdriver.exe">
      <![CDATA[java.lang.IllegalStateException: The driver executable does not exist: C:\QA\EclipseWorkspace\AutomationFramework\resources\firefoxdriver.exe
	at com.google.common.base.Preconditions.checkState(Preconditions.java:469)
	at org.openqa.selenium.remote.service.DriverService.checkExecutable(DriverService.java:121)
	at org.openqa.selenium.remote.service.DriverService.findExecutable(DriverService.java:116)
	at org.openqa.selenium.chrome.ChromeDriverService.access$000(ChromeDriverService.java:32)
	at org.openqa.selenium.chrome.ChromeDriverService$Builder.findDefaultExecutable(ChromeDriverService.java:137)
	at org.openqa.selenium.remote.service.DriverService$Builder.build(DriverService.java:296)
	at org.openqa.selenium.chrome.ChromeDriverService.createDefaultService(ChromeDriverService.java:88)
	at org.openqa.selenium.chrome.ChromeDriver.<init>(ChromeDriver.java:120)
	at com.wbl.helper.WebUIDriver.getDriver(WebUIDriver.java:52)
	at com.wbl.base.BaseTest.beforeSuite(BaseTest.java:35)
... Removed 19 stack frames]]>
    </failure>
  </testcase> <!-- @BeforeSuite beforeSuite -->
  <testcase name="@BeforeClass before" time="0.0" classname="com.wbl.test.RegisterPageTest">
    <skipped/>
  </testcase> <!-- @BeforeClass before -->
  <testcase name="testCreateLogin" time="0.001" classname="com.wbl.test.RegisterPageTest">
    <skipped/>
  </testcase> <!-- testCreateLogin -->
</testsuite> <!-- Test -->
